[debug] [2023-07-11T12:40:10.294Z] ----------------------------------------------------------------------
[debug] [2023-07-11T12:40:10.295Z] Command:       /Users/achawdhary/.nvm/versions/node/v18.14.0/bin/node /Users/achawdhary/Desktop/codeproj/algo-workshop/node_modules/.bin/firebase init hosting
[debug] [2023-07-11T12:40:10.295Z] CLI Version:   12.4.3
[debug] [2023-07-11T12:40:10.295Z] Platform:      darwin
[debug] [2023-07-11T12:40:10.295Z] Node Version:  v18.14.0
[debug] [2023-07-11T12:40:10.298Z] Time:          Tue Jul 11 2023 05:40:10 GMT-0700 (Pacific Daylight Time)
[debug] [2023-07-11T12:40:10.298Z] ----------------------------------------------------------------------
[debug] 
[debug] [2023-07-11T12:40:10.328Z] > command requires scopes: ["email","openid","https://www.googleapis.com/auth/cloudplatformprojects.readonly","https://www.googleapis.com/auth/firebase","https://www.googleapis.com/auth/cloud-platform"]
[debug] [2023-07-11T12:40:10.328Z] > authorizing via signed-in user (aditchawdhary@gmail.com)
[info] 
     ######## #### ########  ######## ########     ###     ######  ########
     ##        ##  ##     ## ##       ##     ##  ##   ##  ##       ##
     ######    ##  ########  ######   ########  #########  ######  ######
     ##        ##  ##    ##  ##       ##     ## ##     ##       ## ##
     ##       #### ##     ## ######## ########  ##     ##  ######  ########

You're about to initialize a Firebase project in this directory:

  /Users/achawdhary/Desktop/codeproj/algo-workshop

Before we get started, keep in mind:

  * You are initializing within an existing Firebase project directory

[info] 
=== Project Setup
[info] 
[info] First, let's associate this project directory with a Firebase project.
[info] You can create multiple project aliases by running firebase use --add, 
[info] but for now we'll just set up a default project.
[info] 
[debug] [2023-07-11T12:40:10.330Z] Using project from CLI flag: algoworkshop-3e689
[debug] [2023-07-11T12:40:10.331Z] > refreshing access token with scopes: []
[debug] [2023-07-11T12:40:10.332Z] >>> [apiv2][query] POST https://www.googleapis.com/oauth2/v3/token [none]
[debug] [2023-07-11T12:40:10.332Z] >>> [apiv2][body] POST https://www.googleapis.com/oauth2/v3/token [omitted]
[debug] [2023-07-11T12:40:10.554Z] <<< [apiv2][status] POST https://www.googleapis.com/oauth2/v3/token 200
[debug] [2023-07-11T12:40:10.555Z] <<< [apiv2][body] POST https://www.googleapis.com/oauth2/v3/token [omitted]
[debug] [2023-07-11T12:40:10.572Z] >>> [apiv2][query] GET https://firebase.googleapis.com/v1beta1/projects/algoworkshop-3e689 [none]
[debug] [2023-07-11T12:40:11.053Z] <<< [apiv2][status] GET https://firebase.googleapis.com/v1beta1/projects/algoworkshop-3e689 200
[debug] [2023-07-11T12:40:11.053Z] <<< [apiv2][body] GET https://firebase.googleapis.com/v1beta1/projects/algoworkshop-3e689 {"projectId":"algoworkshop-3e689","projectNumber":"276722433238","displayName":"algoworkshop","name":"projects/algoworkshop-3e689","resources":{"hostingSite":"algoworkshop-3e689"},"state":"ACTIVE","etag":"1_5d0c928f-a21a-4d2f-bb25-4000e1101eff"}
[info] i  Using project algoworkshop-3e689 (algoworkshop) 
[info] 
=== Hosting Setup
[info] 
[info] Your public directory is the folder (relative to your project directory) that
[info] will contain Hosting assets to be uploaded with firebase deploy. If you
[info] have a build process for your assets, use your build's output directory.
[info] 
